{"name": "test_login1", "status": "failed", "statusDetails": {"message": "AssertionError: assert False", "trace": "self = <testCases.test_login.Test001Login object at 0x000001E061259A10>\nsetup = <selenium.webdriver.chrome.webdriver.WebDriver (session=\"c922619bb4e114430c57d9513f4e22dc\")>\n\n    def test_login1(self, setup):\n        self.logger.info(\"***************** Test Login1 ****************\")\n        self.driver = setup\n        self.driver.get(url=self.base_url)\n        self.lp = LoginPage(driver=self.driver)\n        self.lp.set_email(email=self.email)\n        self.lp.set_password(password=self.password)\n        self.lp.login()\n        time.sleep(2)\n        actual_title = self.driver.title\n        if actual_title == 'Dashboard / nopCommerce administration':\n            self.logger.info(\"***************** test_login1 IS PASSED ****************\")\n            self.lp.logout()\n            self.driver.quit()\n            assert True\n        else:\n            self.logger.info(\"***************** test_login1 HAS FAILED ****************\")\n            self.driver.save_screenshot(\"Screenshots/test_login1.png\")\n            self.driver.quit()\n>           assert False\nE           assert False\n\ntestCases\\test_login.py:88: AssertionError"}, "attachments": [{"name": "log", "source": "4148985b-1b3d-4cc6-ba7a-bd13c70015e6-attachment.txt", "type": "text/plain"}], "start": 1690706536079, "stop": 1690706545497, "uuid": "dec4926c-27d8-42bf-b536-74bb5c9b6dcf", "historyId": "60432a5f43940946a424ba5bf420b2a5", "testCaseId": "60432a5f43940946a424ba5bf420b2a5", "fullName": "testCases.test_login.Test001Login#test_login1", "labels": [{"name": "parentSuite", "value": "testCases"}, {"name": "suite", "value": "test_login"}, {"name": "subSuite", "value": "Test001Login"}, {"name": "host", "value": "MARIEM-PC"}, {"name": "thread", "value": "14388-MainThread"}, {"name": "framework", "value": "pytest"}, {"name": "language", "value": "cpython3"}, {"name": "package", "value": "testCases.test_login"}]}